2015-09-27 11:33:14 [ main:695 ] - [ ERROR ] maxIdle is deprecated
2015-09-27 11:33:24 [ main:951 ] - [ ERROR ] maxIdle is deprecated
2015-09-27 11:34:49 [ main:1348 ] - [ ERROR ] maxIdle is deprecated
2015-09-27 13:39:25 [ main:1379 ] - [ ERROR ] maxIdle is deprecated
2015-09-27 13:50:55 [ main:1157 ] - [ ERROR ] maxIdle is deprecated
2015-09-27 14:02:21 [ main:1275 ] - [ ERROR ] maxIdle is deprecated
2015-09-27 14:08:30 [ main:827 ] - [ ERROR ] maxIdle is deprecated
2015-09-27 14:09:18 [ main:1289 ] - [ ERROR ] maxIdle is deprecated
2015-09-27 14:25:46 [ main:1180 ] - [ ERROR ] maxIdle is deprecated
2015-09-27 15:08:04 [ main:763 ] - [ ERROR ] maxIdle is deprecated
2015-09-27 15:08:40 [ main:1140 ] - [ ERROR ] maxIdle is deprecated
2015-09-27 15:10:33 [ main:742 ] - [ ERROR ] maxIdle is deprecated
2015-09-27 16:08:15 [ main:1090 ] - [ ERROR ] maxIdle is deprecated
2015-09-27 16:09:05 [ main:808 ] - [ ERROR ] maxIdle is deprecated
2015-09-27 16:25:56 [ main:910 ] - [ ERROR ] maxIdle is deprecated
2015-09-27 16:27:14 [ main:1192 ] - [ ERROR ] maxIdle is deprecated
2015-09-27 16:28:16 [ DefaultQuartzScheduler_Worker-1:63383 ] - [ ERROR ] Job jgroup1.job1 threw an unhandled Exception: 
java.lang.ClassCastException: com.gargoylesoftware.htmlunit.TextPage cannot be cast to com.gargoylesoftware.htmlunit.html.HtmlPage
	at org.daikaixian.jspider.spider.JSpider.fetchDatda(JSpider.java:95)
	at org.daikaixian.jspider.spider.JSpider.execute(JSpider.java:166)
	at org.quartz.core.JobRunShell.run(JobRunShell.java:202)
	at org.quartz.simpl.SimpleThreadPool$WorkerThread.run(SimpleThreadPool.java:573)
2015-09-27 16:28:16 [ DefaultQuartzScheduler_Worker-1:63385 ] - [ ERROR ] Job (jgroup1.job1 threw an exception.
org.quartz.SchedulerException: Job threw an unhandled exception. [See nested exception: java.lang.ClassCastException: com.gargoylesoftware.htmlunit.TextPage cannot be cast to com.gargoylesoftware.htmlunit.html.HtmlPage]
	at org.quartz.core.JobRunShell.run(JobRunShell.java:213)
	at org.quartz.simpl.SimpleThreadPool$WorkerThread.run(SimpleThreadPool.java:573)
Caused by: java.lang.ClassCastException: com.gargoylesoftware.htmlunit.TextPage cannot be cast to com.gargoylesoftware.htmlunit.html.HtmlPage
	at org.daikaixian.jspider.spider.JSpider.fetchDatda(JSpider.java:95)
	at org.daikaixian.jspider.spider.JSpider.execute(JSpider.java:166)
	at org.quartz.core.JobRunShell.run(JobRunShell.java:202)
	... 1 more
2015-09-27 16:28:43 [ main:1433 ] - [ ERROR ] maxIdle is deprecated
2015-09-27 16:31:18 [ main:722 ] - [ ERROR ] maxIdle is deprecated
2015-09-27 16:31:46 [ main:1502 ] - [ ERROR ] maxIdle is deprecated
2015-09-27 16:35:18 [ main:714 ] - [ ERROR ] maxIdle is deprecated
2015-09-27 17:03:08 [ main:1210 ] - [ ERROR ] maxIdle is deprecated
2015-09-27 17:04:18 [ DefaultQuartzScheduler_Worker-1:71486 ] - [ ERROR ] Job jgroup1.job1 threw an unhandled Exception: 
java.lang.ClassCastException: com.gargoylesoftware.htmlunit.TextPage cannot be cast to com.gargoylesoftware.htmlunit.html.HtmlPage
	at org.daikaixian.jspider.spider.JSpider.fetchDatda(JSpider.java:95)
	at org.daikaixian.jspider.spider.JSpider.execute(JSpider.java:166)
	at org.quartz.core.JobRunShell.run(JobRunShell.java:202)
	at org.quartz.simpl.SimpleThreadPool$WorkerThread.run(SimpleThreadPool.java:573)
2015-09-27 17:04:18 [ DefaultQuartzScheduler_Worker-1:71488 ] - [ ERROR ] Job (jgroup1.job1 threw an exception.
org.quartz.SchedulerException: Job threw an unhandled exception. [See nested exception: java.lang.ClassCastException: com.gargoylesoftware.htmlunit.TextPage cannot be cast to com.gargoylesoftware.htmlunit.html.HtmlPage]
	at org.quartz.core.JobRunShell.run(JobRunShell.java:213)
	at org.quartz.simpl.SimpleThreadPool$WorkerThread.run(SimpleThreadPool.java:573)
Caused by: java.lang.ClassCastException: com.gargoylesoftware.htmlunit.TextPage cannot be cast to com.gargoylesoftware.htmlunit.html.HtmlPage
	at org.daikaixian.jspider.spider.JSpider.fetchDatda(JSpider.java:95)
	at org.daikaixian.jspider.spider.JSpider.execute(JSpider.java:166)
	at org.quartz.core.JobRunShell.run(JobRunShell.java:202)
	... 1 more
2015-09-27 17:07:33 [ main:794 ] - [ ERROR ] maxIdle is deprecated
2015-09-27 17:09:57 [ main:998 ] - [ ERROR ] maxIdle is deprecated
2015-09-27 17:14:33 [ main:1012 ] - [ ERROR ] maxIdle is deprecated
